# JRE version: Java(TM) SE Runtime Environment (17.0.10+11) (build 17.0.10+11-LTS-240)
# Java VM: Java HotSpot(TM) 64-Bit Server VM (17.0.10+11-LTS-240, mixed mode, sharing, tiered, compressed oops, compressed class ptrs, g1 gc, windows-amd64)
GC Precious Log:
 CPUs: 4 total, 4 available
 Memory: 8060M
 Large Page Support: Disabled
 NUMA Support: Disabled
 Compressed Oops: Enabled (32-bit)
 Heap Region Size: 1M
 Heap Min Capacity: 8M
 Heap Initial Capacity: 126M
 Heap Max Capacity: 2016M
 Pre-touch: Disabled
 Parallel Workers: 4
 Concurrent Workers: 1
 Concurrent Refinement Workers: 4
 Periodic GC: Disabled
Heap:
 garbage-first heap   total 129024K, used 62452K [0x0000000082000000, 0x0000000100000000)
  region size 1024K, 24 young (24576K), 1 survivors (1024K)
 Metaspace       used 78581K, committed 79168K, reserved 1179648K
  class space    used 10273K, committed 10560K, reserved 1048576K
GC Heap History (20 events):
Event: 78.609 GC heap before
{Heap before GC invocations=37 (full 0):
 garbage-first heap   total 129024K, used 106566K [0x0000000082000000, 0x0000000100000000)
  region size 1024K, 66 young (67584K), 1 survivors (1024K)
 Metaspace       used 78505K, committed 79040K, reserved 1179648K
  class space    used 10265K, committed 10496K, reserved 1048576K
}
Event: 78.611 GC heap after
{Heap after GC invocations=38 (full 0):
 garbage-first heap   total 129024K, used 39876K [0x0000000082000000, 0x0000000100000000)
  region size 1024K, 1 young (1024K), 1 survivors (1024K)
 Metaspace       used 78505K, committed 79040K, reserved 1179648K
  class space    used 10265K, committed 10496K, reserved 1048576K
}
Event: 83.791 GC heap before
{Heap before GC invocations=38 (full 0):
 garbage-first heap   total 129024K, used 108484K [0x0000000082000000, 0x0000000100000000)
  region size 1024K, 68 young (69632K), 1 survivors (1024K)
 Metaspace       used 78507K, committed 79040K, reserved 1179648K
  class space    used 10267K, committed 10496K, reserved 1048576K
}
Event: 83.793 GC heap after
{Heap after GC invocations=39 (full 0):
 garbage-first heap   total 129024K, used 39916K [0x0000000082000000, 0x0000000100000000)
  region size 1024K, 1 young (1024K), 1 survivors (1024K)
 Metaspace       used 78507K, committed 79040K, reserved 1179648K
  class space    used 10267K, committed 10496K, reserved 1048576K
}
Event: 89.701 GC heap before
{Heap before GC invocations=39 (full 0):
 garbage-first heap   total 129024K, used 109548K [0x0000000082000000, 0x0000000100000000)
  region size 1024K, 69 young (70656K), 1 survivors (1024K)
 Metaspace       used 78513K, committed 79040K, reserved 1179648K
  class space    used 10271K, committed 10496K, reserved 1048576K
}
Event: 89.704 GC heap after
{Heap after GC invocations=40 (full 0):
 garbage-first heap   total 129024K, used 39905K [0x0000000082000000, 0x0000000100000000)
  region size 1024K, 1 young (1024K), 1 survivors (1024K)
 Metaspace       used 78513K, committed 79040K, reserved 1179648K
  class space    used 10271K, committed 10496K, reserved 1048576K
}
Event: 96.422 GC heap before
{Heap before GC invocations=41 (full 0):
 garbage-first heap   total 129024K, used 110561K [0x0000000082000000, 0x0000000100000000)
  region size 1024K, 70 young (71680K), 1 survivors (1024K)
 Metaspace       used 78518K, committed 79040K, reserved 1179648K
  class space    used 10271K, committed 10496K, reserved 1048576K
}
Event: 96.424 GC heap after
{Heap after GC invocations=42 (full 0):
 garbage-first heap   total 129024K, used 39929K [0x0000000082000000, 0x0000000100000000)
  region size 1024K, 1 young (1024K), 1 survivors (1024K)
 Metaspace       used 78518K, committed 79040K, reserved 1179648K
  class space    used 10271K, committed 10496K, reserved 1048576K
}
Event: 96.794 GC heap before
{Heap before GC invocations=42 (full 0):
 garbage-first heap   total 129024K, used 45049K [0x0000000082000000, 0x0000000100000000)
  region size 1024K, 6 young (6144K), 1 survivors (1024K)
 Metaspace       used 78518K, committed 79040K, reserved 1179648K
  class space    used 10271K, committed 10496K, reserved 1048576K
}
Event: 96.799 GC heap after
{Heap after GC invocations=43 (full 0):
 garbage-first heap   total 129024K, used 39662K [0x0000000082000000, 0x0000000100000000)
  region size 1024K, 1 young (1024K), 1 survivors (1024K)
 Metaspace       used 78518K, committed 79040K, reserved 1179648K
  class space    used 10271K, committed 10496K, reserved 1048576K
}
Event: 102.611 GC heap before
{Heap before GC invocations=43 (full 0):
 garbage-first heap   total 129024K, used 110318K [0x0000000082000000, 0x0000000100000000)
  region size 1024K, 70 young (71680K), 1 survivors (1024K)
 Metaspace       used 78521K, committed 79040K, reserved 1179648K
  class space    used 10271K, committed 10496K, reserved 1048576K
}
Event: 102.614 GC heap after
{Heap after GC invocations=44 (full 0):
 garbage-first heap   total 129024K, used 39636K [0x0000000082000000, 0x0000000100000000)
  region size 1024K, 1 young (1024K), 1 survivors (1024K)
 Metaspace       used 78521K, committed 79040K, reserved 1179648K
  class space    used 10271K, committed 10496K, reserved 1048576K
}
Event: 219.342 GC heap before
{Heap before GC invocations=44 (full 0):
 garbage-first heap   total 129024K, used 111316K [0x0000000082000000, 0x0000000100000000)
  region size 1024K, 71 young (72704K), 1 survivors (1024K)
 Metaspace       used 78543K, committed 79104K, reserved 1179648K
  class space    used 10272K, committed 10496K, reserved 1048576K
}
Event: 219.346 GC heap after
{Heap after GC invocations=45 (full 0):
 garbage-first heap   total 129024K, used 39748K [0x0000000082000000, 0x0000000100000000)
  region size 1024K, 1 young (1024K), 1 survivors (1024K)
 Metaspace       used 78543K, committed 79104K, reserved 1179648K
  class space    used 10272K, committed 10496K, reserved 1048576K
}
Event: 557.530 GC heap before
{Heap before GC invocations=45 (full 0):
 garbage-first heap   total 129024K, used 110404K [0x0000000082000000, 0x0000000100000000)
  region size 1024K, 71 young (72704K), 1 survivors (1024K)
 Metaspace       used 78576K, committed 79104K, reserved 1179648K
  class space    used 10272K, committed 10496K, reserved 1048576K
}
Event: 557.682 GC heap after
{Heap after GC invocations=46 (full 0):
 garbage-first heap   total 129024K, used 40021K [0x0000000082000000, 0x0000000100000000)
  region size 1024K, 1 young (1024K), 1 survivors (1024K)
 Metaspace       used 78576K, committed 79104K, reserved 1179648K
  class space    used 10272K, committed 10496K, reserved 1048576K
}
Event: 568.798 GC heap before
{Heap before GC invocations=47 (full 0):
 garbage-first heap   total 129024K, used 111701K [0x0000000082000000, 0x0000000100000000)
  region size 1024K, 71 young (72704K), 1 survivors (1024K)
 Metaspace       used 78581K, committed 79168K, reserved 1179648K
  class space    used 10273K, committed 10560K, reserved 1048576K
}
Event: 568.808 GC heap after
{Heap after GC invocations=48 (full 0):
 garbage-first heap   total 129024K, used 40072K [0x0000000082000000, 0x0000000100000000)
  region size 1024K, 1 young (1024K), 1 survivors (1024K)
 Metaspace       used 78581K, committed 79168K, reserved 1179648K
  class space    used 10273K, committed 10560K, reserved 1048576K
}
Event: 569.027 GC heap before
{Heap before GC invocations=48 (full 0):
 garbage-first heap   total 129024K, used 45192K [0x0000000082000000, 0x0000000100000000)
  region size 1024K, 6 young (6144K), 1 survivors (1024K)
 Metaspace       used 78581K, committed 79168K, reserved 1179648K
  class space    used 10273K, committed 10560K, reserved 1048576K
}
Event: 569.065 GC heap after
{Heap after GC invocations=49 (full 0):
 garbage-first heap   total 129024K, used 39924K [0x0000000082000000, 0x0000000100000000)
  region size 1024K, 1 young (1024K), 1 survivors (1024K)
 Metaspace       used 78581K, committed 79168K, reserved 1179648K
  class space    used 10273K, committed 10560K, reserved 1048576K
}

