# JRE version: Java(TM) SE Runtime Environment (17.0.10+11) (build 17.0.10+11-LTS-240)
# Java VM: Java HotSpot(TM) 64-Bit Server VM (17.0.10+11-LTS-240, mixed mode, sharing, tiered, compressed oops, compressed class ptrs, g1 gc, windows-amd64)
GC Precious Log:
 CPUs: 4 total, 4 available
 Memory: 8060M
 Large Page Support: Disabled
 NUMA Support: Disabled
 Compressed Oops: Enabled (32-bit)
 Heap Region Size: 1M
 Heap Min Capacity: 8M
 Heap Initial Capacity: 126M
 Heap Max Capacity: 2016M
 Pre-touch: Disabled
 Parallel Workers: 4
 Concurrent Workers: 1
 Concurrent Refinement Workers: 4
 Periodic GC: Disabled
Heap:
 garbage-first heap   total 130048K, used 38161K [0x0000000082000000, 0x0000000100000000)
  region size 1024K, 5 young (5120K), 1 survivors (1024K)
 Metaspace       used 78688K, committed 79232K, reserved 1179648K
  class space    used 10235K, committed 10560K, reserved 1048576K
GC Heap History (20 events):
Event: 4698.044 GC heap before
{Heap before GC invocations=90 (full 0):
 garbage-first heap   total 75776K, used 65321K [0x0000000082000000, 0x0000000100000000)
  region size 1024K, 30 young (30720K), 1 survivors (1024K)
 Metaspace       used 78657K, committed 79232K, reserved 1179648K
  class space    used 10229K, committed 10560K, reserved 1048576K
}
Event: 4698.049 GC heap after
{Heap after GC invocations=91 (full 0):
 garbage-first heap   total 75776K, used 35651K [0x0000000082000000, 0x0000000100000000)
  region size 1024K, 1 young (1024K), 1 survivors (1024K)
 Metaspace       used 78657K, committed 79232K, reserved 1179648K
  class space    used 10229K, committed 10560K, reserved 1048576K
}
Event: 4698.117 GC heap before
{Heap before GC invocations=91 (full 0):
 garbage-first heap   total 75776K, used 37699K [0x0000000082000000, 0x0000000100000000)
  region size 1024K, 3 young (3072K), 1 survivors (1024K)
 Metaspace       used 78657K, committed 79232K, reserved 1179648K
  class space    used 10229K, committed 10560K, reserved 1048576K
}
Event: 4698.125 GC heap after
{Heap after GC invocations=92 (full 0):
 garbage-first heap   total 75776K, used 35252K [0x0000000082000000, 0x0000000100000000)
  region size 1024K, 1 young (1024K), 1 survivors (1024K)
 Metaspace       used 78657K, committed 79232K, reserved 1179648K
  class space    used 10229K, committed 10560K, reserved 1048576K
}
Event: 4700.581 GC heap before
{Heap before GC invocations=92 (full 0):
 garbage-first heap   total 75776K, used 64948K [0x0000000082000000, 0x0000000100000000)
  region size 1024K, 30 young (30720K), 1 survivors (1024K)
 Metaspace       used 78657K, committed 79232K, reserved 1179648K
  class space    used 10230K, committed 10560K, reserved 1048576K
}
Event: 4700.585 GC heap after
{Heap after GC invocations=93 (full 0):
 garbage-first heap   total 132096K, used 35333K [0x0000000082000000, 0x0000000100000000)
  region size 1024K, 1 young (1024K), 1 survivors (1024K)
 Metaspace       used 78657K, committed 79232K, reserved 1179648K
  class space    used 10230K, committed 10560K, reserved 1048576K
}
Event: 4707.281 GC heap before
{Heap before GC invocations=94 (full 0):
 garbage-first heap   total 132096K, used 113157K [0x0000000082000000, 0x0000000100000000)
  region size 1024K, 77 young (78848K), 1 survivors (1024K)
 Metaspace       used 78668K, committed 79232K, reserved 1179648K
  class space    used 10232K, committed 10560K, reserved 1048576K
}
Event: 4707.284 GC heap after
{Heap after GC invocations=95 (full 0):
 garbage-first heap   total 132096K, used 35329K [0x0000000082000000, 0x0000000100000000)
  region size 1024K, 1 young (1024K), 1 survivors (1024K)
 Metaspace       used 78668K, committed 79232K, reserved 1179648K
  class space    used 10232K, committed 10560K, reserved 1048576K
}
Event: 4707.608 GC heap before
{Heap before GC invocations=95 (full 0):
 garbage-first heap   total 132096K, used 40449K [0x0000000082000000, 0x0000000100000000)
  region size 1024K, 6 young (6144K), 1 survivors (1024K)
 Metaspace       used 78669K, committed 79232K, reserved 1179648K
  class space    used 10232K, committed 10560K, reserved 1048576K
}
Event: 4707.613 GC heap after
{Heap after GC invocations=96 (full 0):
 garbage-first heap   total 132096K, used 35031K [0x0000000082000000, 0x0000000100000000)
  region size 1024K, 1 young (1024K), 1 survivors (1024K)
 Metaspace       used 78669K, committed 79232K, reserved 1179648K
  class space    used 10232K, committed 10560K, reserved 1048576K
}
Event: 4712.135 GC heap before
{Heap before GC invocations=96 (full 0):
 garbage-first heap   total 132096K, used 112855K [0x0000000082000000, 0x0000000100000000)
  region size 1024K, 77 young (78848K), 1 survivors (1024K)
 Metaspace       used 78674K, committed 79232K, reserved 1179648K
  class space    used 10233K, committed 10560K, reserved 1048576K
}
Event: 4712.138 GC heap after
{Heap after GC invocations=97 (full 0):
 garbage-first heap   total 132096K, used 35111K [0x0000000082000000, 0x0000000100000000)
  region size 1024K, 1 young (1024K), 1 survivors (1024K)
 Metaspace       used 78674K, committed 79232K, reserved 1179648K
  class space    used 10233K, committed 10560K, reserved 1048576K
}
Event: 4715.310 GC heap before
{Heap before GC invocations=98 (full 0):
 garbage-first heap   total 130048K, used 111911K [0x0000000082000000, 0x0000000100000000)
  region size 1024K, 76 young (77824K), 1 survivors (1024K)
 Metaspace       used 78684K, committed 79232K, reserved 1179648K
  class space    used 10235K, committed 10560K, reserved 1048576K
}
Event: 4715.312 GC heap after
{Heap after GC invocations=99 (full 0):
 garbage-first heap   total 130048K, used 35152K [0x0000000082000000, 0x0000000100000000)
  region size 1024K, 1 young (1024K), 1 survivors (1024K)
 Metaspace       used 78684K, committed 79232K, reserved 1179648K
  class space    used 10235K, committed 10560K, reserved 1048576K
}
Event: 4715.688 GC heap before
{Heap before GC invocations=99 (full 0):
 garbage-first heap   total 130048K, used 40272K [0x0000000082000000, 0x0000000100000000)
  region size 1024K, 6 young (6144K), 1 survivors (1024K)
 Metaspace       used 78684K, committed 79232K, reserved 1179648K
  class space    used 10235K, committed 10560K, reserved 1048576K
}
Event: 4715.694 GC heap after
{Heap after GC invocations=100 (full 0):
 garbage-first heap   total 130048K, used 34905K [0x0000000082000000, 0x0000000100000000)
  region size 1024K, 1 young (1024K), 1 survivors (1024K)
 Metaspace       used 78684K, committed 79232K, reserved 1179648K
  class space    used 10235K, committed 10560K, reserved 1048576K
}
Event: 4719.262 GC heap before
{Heap before GC invocations=100 (full 0):
 garbage-first heap   total 130048K, used 111705K [0x0000000082000000, 0x0000000100000000)
  region size 1024K, 76 young (77824K), 1 survivors (1024K)
 Metaspace       used 78687K, committed 79232K, reserved 1179648K
  class space    used 10235K, committed 10560K, reserved 1048576K
}
Event: 4719.264 GC heap after
{Heap after GC invocations=101 (full 0):
 garbage-first heap   total 130048K, used 35043K [0x0000000082000000, 0x0000000100000000)
  region size 1024K, 1 young (1024K), 1 survivors (1024K)
 Metaspace       used 78687K, committed 79232K, reserved 1179648K
  class space    used 10235K, committed 10560K, reserved 1048576K
}
Event: 4723.238 GC heap before
{Heap before GC invocations=102 (full 0):
 garbage-first heap   total 130048K, used 111843K [0x0000000082000000, 0x0000000100000000)
  region size 1024K, 76 young (77824K), 1 survivors (1024K)
 Metaspace       used 78688K, committed 79232K, reserved 1179648K
  class space    used 10235K, committed 10560K, reserved 1048576K
}
Event: 4723.240 GC heap after
{Heap after GC invocations=103 (full 0):
 garbage-first heap   total 130048K, used 35089K [0x0000000082000000, 0x0000000100000000)
  region size 1024K, 1 young (1024K), 1 survivors (1024K)
 Metaspace       used 78688K, committed 79232K, reserved 1179648K
  class space    used 10235K, committed 10560K, reserved 1048576K
}

