# JRE version: Java(TM) SE Runtime Environment (17.0.10+11) (build 17.0.10+11-LTS-240)
# Java VM: Java HotSpot(TM) 64-Bit Server VM (17.0.10+11-LTS-240, mixed mode, sharing, tiered, compressed oops, compressed class ptrs, g1 gc, windows-amd64)
GC Precious Log:
 CPUs: 4 total, 4 available
 Memory: 8060M
 Large Page Support: Disabled
 NUMA Support: Disabled
 Compressed Oops: Enabled (32-bit)
 Heap Region Size: 1M
 Heap Min Capacity: 8M
 Heap Initial Capacity: 126M
 Heap Max Capacity: 2016M
 Pre-touch: Disabled
 Parallel Workers: 4
 Concurrent Workers: 1
 Concurrent Refinement Workers: 4
 Periodic GC: Disabled
Heap:
 garbage-first heap   total 102400K, used 52089K [0x0000000082000000, 0x0000000100000000)
  region size 1024K, 14 young (14336K), 1 survivors (1024K)
 Metaspace       used 81999K, committed 82624K, reserved 1179648K
  class space    used 10525K, committed 10880K, reserved 1048576K
GC Heap History (20 events):
Event: 3081.672 GC heap before
{Heap before GC invocations=93 (full 3):
 garbage-first heap   total 102400K, used 45671K [0x0000000082000000, 0x0000000100000000)
  region size 1024K, 5 young (5120K), 1 survivors (1024K)
 Metaspace       used 81971K, committed 82624K, reserved 1179648K
  class space    used 10520K, committed 10880K, reserved 1048576K
}
Event: 3081.675 GC heap after
{Heap after GC invocations=94 (full 3):
 garbage-first heap   total 102400K, used 40778K [0x0000000082000000, 0x0000000100000000)
  region size 1024K, 1 young (1024K), 1 survivors (1024K)
 Metaspace       used 81971K, committed 82624K, reserved 1179648K
  class space    used 10520K, committed 10880K, reserved 1048576K
}
Event: 3087.205 GC heap before
{Heap before GC invocations=94 (full 3):
 garbage-first heap   total 102400K, used 87882K [0x0000000082000000, 0x0000000100000000)
  region size 1024K, 47 young (48128K), 1 survivors (1024K)
 Metaspace       used 81977K, committed 82624K, reserved 1179648K
  class space    used 10520K, committed 10880K, reserved 1048576K
}
Event: 3087.207 GC heap after
{Heap after GC invocations=95 (full 3):
 garbage-first heap   total 102400K, used 40777K [0x0000000082000000, 0x0000000100000000)
  region size 1024K, 1 young (1024K), 1 survivors (1024K)
 Metaspace       used 81977K, committed 82624K, reserved 1179648K
  class space    used 10520K, committed 10880K, reserved 1048576K
}
Event: 3092.351 GC heap before
{Heap before GC invocations=96 (full 3):
 garbage-first heap   total 102400K, used 88905K [0x0000000082000000, 0x0000000100000000)
  region size 1024K, 48 young (49152K), 1 survivors (1024K)
 Metaspace       used 81981K, committed 82624K, reserved 1179648K
  class space    used 10523K, committed 10880K, reserved 1048576K
}
Event: 3092.353 GC heap after
{Heap after GC invocations=97 (full 3):
 garbage-first heap   total 102400K, used 40788K [0x0000000082000000, 0x0000000100000000)
  region size 1024K, 1 young (1024K), 1 survivors (1024K)
 Metaspace       used 81981K, committed 82624K, reserved 1179648K
  class space    used 10523K, committed 10880K, reserved 1048576K
}
Event: 3094.273 GC heap before
{Heap before GC invocations=97 (full 3):
 garbage-first heap   total 102400K, used 44884K [0x0000000082000000, 0x0000000100000000)
  region size 1024K, 5 young (5120K), 1 survivors (1024K)
 Metaspace       used 81985K, committed 82624K, reserved 1179648K
  class space    used 10523K, committed 10880K, reserved 1048576K
}
Event: 3094.277 GC heap after
{Heap after GC invocations=98 (full 3):
 garbage-first heap   total 102400K, used 40279K [0x0000000082000000, 0x0000000100000000)
  region size 1024K, 1 young (1024K), 1 survivors (1024K)
 Metaspace       used 81985K, committed 82624K, reserved 1179648K
  class space    used 10523K, committed 10880K, reserved 1048576K
}
Event: 3098.443 GC heap before
{Heap before GC invocations=98 (full 3):
 garbage-first heap   total 102400K, used 88407K [0x0000000082000000, 0x0000000100000000)
  region size 1024K, 48 young (49152K), 1 survivors (1024K)
 Metaspace       used 81988K, committed 82624K, reserved 1179648K
  class space    used 10524K, committed 10880K, reserved 1048576K
}
Event: 3098.445 GC heap after
{Heap after GC invocations=99 (full 3):
 garbage-first heap   total 102400K, used 40251K [0x0000000082000000, 0x0000000100000000)
  region size 1024K, 1 young (1024K), 1 survivors (1024K)
 Metaspace       used 81988K, committed 82624K, reserved 1179648K
  class space    used 10524K, committed 10880K, reserved 1048576K
}
Event: 3102.557 GC heap before
{Heap before GC invocations=100 (full 3):
 garbage-first heap   total 102400K, used 88379K [0x0000000082000000, 0x0000000100000000)
  region size 1024K, 48 young (49152K), 1 survivors (1024K)
 Metaspace       used 81997K, committed 82624K, reserved 1179648K
  class space    used 10525K, committed 10880K, reserved 1048576K
}
Event: 3102.559 GC heap after
{Heap after GC invocations=101 (full 3):
 garbage-first heap   total 102400K, used 40275K [0x0000000082000000, 0x0000000100000000)
  region size 1024K, 1 young (1024K), 1 survivors (1024K)
 Metaspace       used 81997K, committed 82624K, reserved 1179648K
  class space    used 10525K, committed 10880K, reserved 1048576K
}
Event: 3102.804 GC heap before
{Heap before GC invocations=101 (full 3):
 garbage-first heap   total 102400K, used 44371K [0x0000000082000000, 0x0000000100000000)
  region size 1024K, 5 young (5120K), 1 survivors (1024K)
 Metaspace       used 81997K, committed 82624K, reserved 1179648K
  class space    used 10525K, committed 10880K, reserved 1048576K
}
Event: 3102.811 GC heap after
{Heap after GC invocations=102 (full 3):
 garbage-first heap   total 102400K, used 39809K [0x0000000082000000, 0x0000000100000000)
  region size 1024K, 1 young (1024K), 1 survivors (1024K)
 Metaspace       used 81997K, committed 82624K, reserved 1179648K
  class space    used 10525K, committed 10880K, reserved 1048576K
}
Event: 3107.524 GC heap before
{Heap before GC invocations=102 (full 3):
 garbage-first heap   total 102400K, used 88961K [0x0000000082000000, 0x0000000100000000)
  region size 1024K, 49 young (50176K), 1 survivors (1024K)
 Metaspace       used 81999K, committed 82624K, reserved 1179648K
  class space    used 10525K, committed 10880K, reserved 1048576K
}
Event: 3107.527 GC heap after
{Heap after GC invocations=103 (full 3):
 garbage-first heap   total 102400K, used 39820K [0x0000000082000000, 0x0000000100000000)
  region size 1024K, 1 young (1024K), 1 survivors (1024K)
 Metaspace       used 81999K, committed 82624K, reserved 1179648K
  class space    used 10525K, committed 10880K, reserved 1048576K
}
Event: 3112.564 GC heap before
{Heap before GC invocations=104 (full 3):
 garbage-first heap   total 102400K, used 88972K [0x0000000082000000, 0x0000000100000000)
  region size 1024K, 49 young (50176K), 1 survivors (1024K)
 Metaspace       used 81999K, committed 82624K, reserved 1179648K
  class space    used 10525K, committed 10880K, reserved 1048576K
}
Event: 3112.567 GC heap after
{Heap after GC invocations=105 (full 3):
 garbage-first heap   total 102400K, used 39826K [0x0000000082000000, 0x0000000100000000)
  region size 1024K, 1 young (1024K), 1 survivors (1024K)
 Metaspace       used 81999K, committed 82624K, reserved 1179648K
  class space    used 10525K, committed 10880K, reserved 1048576K
}
Event: 3118.077 GC heap before
{Heap before GC invocations=105 (full 3):
 garbage-first heap   total 102400K, used 90002K [0x0000000082000000, 0x0000000100000000)
  region size 1024K, 50 young (51200K), 1 survivors (1024K)
 Metaspace       used 81999K, committed 82624K, reserved 1179648K
  class space    used 10525K, committed 10880K, reserved 1048576K
}
Event: 3118.081 GC heap after
{Heap after GC invocations=106 (full 3):
 garbage-first heap   total 102400K, used 39801K [0x0000000082000000, 0x0000000100000000)
  region size 1024K, 1 young (1024K), 1 survivors (1024K)
 Metaspace       used 81999K, committed 82624K, reserved 1179648K
  class space    used 10525K, committed 10880K, reserved 1048576K
}

