# JRE version: Java(TM) SE Runtime Environment (17.0.10+11) (build 17.0.10+11-LTS-240)
# Java VM: Java HotSpot(TM) 64-Bit Server VM (17.0.10+11-LTS-240, mixed mode, sharing, tiered, compressed oops, compressed class ptrs, g1 gc, windows-amd64)
GC Precious Log:
 CPUs: 4 total, 4 available
 Memory: 8060M
 Large Page Support: Disabled
 NUMA Support: Disabled
 Compressed Oops: Enabled (32-bit)
 Heap Region Size: 1M
 Heap Min Capacity: 8M
 Heap Initial Capacity: 126M
 Heap Max Capacity: 2016M
 Pre-touch: Disabled
 Parallel Workers: 4
 Concurrent Workers: 1
 Concurrent Refinement Workers: 4
 Periodic GC: Disabled
Heap:
 garbage-first heap   total 189440K, used 63955K [0x0000000082000000, 0x0000000100000000)
  region size 1024K, 25 young (25600K), 1 survivors (1024K)
 Metaspace       used 78544K, committed 79104K, reserved 1179648K
  class space    used 10289K, committed 10560K, reserved 1048576K
GC Heap History (20 events):
Event: 215.792 GC heap before
{Heap before GC invocations=45 (full 0):
 garbage-first heap   total 75776K, used 42549K [0x0000000082000000, 0x0000000100000000)
  region size 1024K, 3 young (3072K), 1 survivors (1024K)
 Metaspace       used 78478K, committed 79040K, reserved 1179648K
  class space    used 10283K, committed 10560K, reserved 1048576K
}
Event: 215.798 GC heap after
{Heap after GC invocations=46 (full 0):
 garbage-first heap   total 75776K, used 40269K [0x0000000082000000, 0x0000000100000000)
  region size 1024K, 1 young (1024K), 1 survivors (1024K)
 Metaspace       used 78478K, committed 79040K, reserved 1179648K
  class space    used 10283K, committed 10560K, reserved 1048576K
}
Event: 219.201 GC heap before
{Heap before GC invocations=46 (full 0):
 garbage-first heap   total 75776K, used 64845K [0x0000000082000000, 0x0000000100000000)
  region size 1024K, 25 young (25600K), 1 survivors (1024K)
 Metaspace       used 78500K, committed 79040K, reserved 1179648K
  class space    used 10284K, committed 10560K, reserved 1048576K
}
Event: 219.208 GC heap after
{Heap after GC invocations=47 (full 0):
 garbage-first heap   total 75776K, used 40322K [0x0000000082000000, 0x0000000100000000)
  region size 1024K, 1 young (1024K), 1 survivors (1024K)
 Metaspace       used 78500K, committed 79040K, reserved 1179648K
  class space    used 10284K, committed 10560K, reserved 1048576K
}
Event: 227.970 GC heap before
{Heap before GC invocations=47 (full 0):
 garbage-first heap   total 75776K, used 64898K [0x0000000082000000, 0x0000000100000000)
  region size 1024K, 25 young (25600K), 1 survivors (1024K)
 Metaspace       used 78501K, committed 79040K, reserved 1179648K
  class space    used 10284K, committed 10560K, reserved 1048576K
}
Event: 227.975 GC heap after
{Heap after GC invocations=48 (full 0):
 garbage-first heap   total 75776K, used 40471K [0x0000000082000000, 0x0000000100000000)
  region size 1024K, 1 young (1024K), 1 survivors (1024K)
 Metaspace       used 78501K, committed 79040K, reserved 1179648K
  class space    used 10284K, committed 10560K, reserved 1048576K
}
Event: 236.057 GC heap before
{Heap before GC invocations=48 (full 0):
 garbage-first heap   total 75776K, used 65047K [0x0000000082000000, 0x0000000100000000)
  region size 1024K, 25 young (25600K), 1 survivors (1024K)
 Metaspace       used 78501K, committed 79040K, reserved 1179648K
  class space    used 10284K, committed 10560K, reserved 1048576K
}
Event: 236.064 GC heap after
{Heap after GC invocations=49 (full 0):
 garbage-first heap   total 75776K, used 40477K [0x0000000082000000, 0x0000000100000000)
  region size 1024K, 1 young (1024K), 1 survivors (1024K)
 Metaspace       used 78501K, committed 79040K, reserved 1179648K
  class space    used 10284K, committed 10560K, reserved 1048576K
}
Event: 248.269 GC heap before
{Heap before GC invocations=50 (full 0):
 garbage-first heap   total 75776K, used 66077K [0x0000000082000000, 0x0000000100000000)
  region size 1024K, 26 young (26624K), 1 survivors (1024K)
 Metaspace       used 78504K, committed 79040K, reserved 1179648K
  class space    used 10284K, committed 10560K, reserved 1048576K
}
Event: 248.422 GC heap after
{Heap after GC invocations=51 (full 0):
 garbage-first heap   total 75776K, used 40496K [0x0000000082000000, 0x0000000100000000)
  region size 1024K, 1 young (1024K), 1 survivors (1024K)
 Metaspace       used 78504K, committed 79040K, reserved 1179648K
  class space    used 10284K, committed 10560K, reserved 1048576K
}
Event: 248.540 GC heap before
{Heap before GC invocations=51 (full 0):
 garbage-first heap   total 75776K, used 42544K [0x0000000082000000, 0x0000000100000000)
  region size 1024K, 3 young (3072K), 1 survivors (1024K)
 Metaspace       used 78504K, committed 79040K, reserved 1179648K
  class space    used 10284K, committed 10560K, reserved 1048576K
}
Event: 248.781 GC heap after
{Heap after GC invocations=52 (full 0):
 garbage-first heap   total 75776K, used 40299K [0x0000000082000000, 0x0000000100000000)
  region size 1024K, 1 young (1024K), 1 survivors (1024K)
 Metaspace       used 78504K, committed 79040K, reserved 1179648K
  class space    used 10284K, committed 10560K, reserved 1048576K
}
Event: 283.484 GC heap before
{Heap before GC invocations=52 (full 0):
 garbage-first heap   total 75776K, used 65899K [0x0000000082000000, 0x0000000100000000)
  region size 1024K, 26 young (26624K), 1 survivors (1024K)
 Metaspace       used 78504K, committed 79040K, reserved 1179648K
  class space    used 10284K, committed 10560K, reserved 1048576K
}
Event: 283.490 GC heap after
{Heap after GC invocations=53 (full 0):
 garbage-first heap   total 189440K, used 40339K [0x0000000082000000, 0x0000000100000000)
  region size 1024K, 1 young (1024K), 1 survivors (1024K)
 Metaspace       used 78504K, committed 79040K, reserved 1179648K
  class space    used 10284K, committed 10560K, reserved 1048576K
}
Event: 294.141 GC heap before
{Heap before GC invocations=53 (full 0):
 garbage-first heap   total 189440K, used 152979K [0x0000000082000000, 0x0000000100000000)
  region size 1024K, 111 young (113664K), 1 survivors (1024K)
 Metaspace       used 78516K, committed 79040K, reserved 1179648K
  class space    used 10287K, committed 10560K, reserved 1048576K
}
Event: 294.145 GC heap after
{Heap after GC invocations=54 (full 0):
 garbage-first heap   total 189440K, used 40377K [0x0000000082000000, 0x0000000100000000)
  region size 1024K, 1 young (1024K), 1 survivors (1024K)
 Metaspace       used 78516K, committed 79040K, reserved 1179648K
  class space    used 10287K, committed 10560K, reserved 1048576K
}
Event: 300.654 GC heap before
{Heap before GC invocations=54 (full 0):
 garbage-first heap   total 189440K, used 153017K [0x0000000082000000, 0x0000000100000000)
  region size 1024K, 111 young (113664K), 1 survivors (1024K)
 Metaspace       used 78530K, committed 79040K, reserved 1179648K
  class space    used 10288K, committed 10560K, reserved 1048576K
}
Event: 300.657 GC heap after
{Heap after GC invocations=55 (full 0):
 garbage-first heap   total 189440K, used 40387K [0x0000000082000000, 0x0000000100000000)
  region size 1024K, 1 young (1024K), 1 survivors (1024K)
 Metaspace       used 78530K, committed 79040K, reserved 1179648K
  class space    used 10288K, committed 10560K, reserved 1048576K
}
Event: 305.516 GC heap before
{Heap before GC invocations=55 (full 0):
 garbage-first heap   total 189440K, used 153027K [0x0000000082000000, 0x0000000100000000)
  region size 1024K, 111 young (113664K), 1 survivors (1024K)
 Metaspace       used 78544K, committed 79104K, reserved 1179648K
  class space    used 10289K, committed 10560K, reserved 1048576K
}
Event: 305.518 GC heap after
{Heap after GC invocations=56 (full 0):
 garbage-first heap   total 189440K, used 40403K [0x0000000082000000, 0x0000000100000000)
  region size 1024K, 1 young (1024K), 1 survivors (1024K)
 Metaspace       used 78544K, committed 79104K, reserved 1179648K
  class space    used 10289K, committed 10560K, reserved 1048576K
}

